2025/02/06 02:12:40 [notice] 9840#9880: using inherited sockets from "C:\nginx\nginx.exe"
2025/02/06 02:12:40 [emerg] 9840#9880: invalid socket number "C:\nginx\nginx.exe" in NGINX environment variable, ignoring the rest of the variable
2025/02/06 02:12:40 [emerg] 9840#9880: invalid socket number "C:\nginx\nginx.exe" in NGINX environment variable, ignoring
2025/02/06 02:12:40 [notice] 12536#21740: using inherited sockets from "C:\nginx\nginx.exe"
2025/02/06 02:12:40 [emerg] 12536#21740: invalid socket number "C:\nginx\nginx.exe" in NGINX environment variable, ignoring the rest of the variable
2025/02/06 02:12:40 [emerg] 12536#21740: invalid socket number "C:\nginx\nginx.exe" in NGINX environment variable, ignoring
2025/02/06 02:13:08 [notice] 10448#18880: using inherited sockets from "C:\nginx\nginx.exe"
2025/02/06 02:13:08 [emerg] 10448#18880: invalid socket number "C:\nginx\nginx.exe" in NGINX environment variable, ignoring the rest of the variable
2025/02/06 02:13:08 [emerg] 10448#18880: invalid socket number "C:\nginx\nginx.exe" in NGINX environment variable, ignoring
2025/02/06 02:13:08 [notice] 23076#22184: using inherited sockets from "C:\nginx\nginx.exe"
2025/02/06 02:13:08 [emerg] 23076#22184: invalid socket number "C:\nginx\nginx.exe" in NGINX environment variable, ignoring the rest of the variable
2025/02/06 02:13:08 [emerg] 23076#22184: invalid socket number "C:\nginx\nginx.exe" in NGINX environment variable, ignoring
2025/02/06 02:20:55 [notice] 20720#7180: using inherited sockets from "C:\nginx\nginx.exe"
2025/02/06 02:20:55 [emerg] 20720#7180: invalid socket number "C:\nginx\nginx.exe" in NGINX environment variable, ignoring the rest of the variable
2025/02/06 02:20:55 [emerg] 20720#7180: invalid socket number "C:\nginx\nginx.exe" in NGINX environment variable, ignoring
2025/02/06 02:20:55 [emerg] 20720#7180: cannot load certificate "C:/Users/nana/nginx-certs/nginx-selfsigned.crt": BIO_new_file() failed (SSL: error:80000003:system library::No such process:calling fopen(C:/Users/nana/nginx-certs/nginx-selfsigned.crt, r) error:10000080:BIO routines::no such file)
2025/02/06 02:20:55 [notice] 21572#19360: using inherited sockets from "C:\nginx\nginx.exe"
2025/02/06 02:20:55 [emerg] 21572#19360: invalid socket number "C:\nginx\nginx.exe" in NGINX environment variable, ignoring the rest of the variable
2025/02/06 02:20:55 [emerg] 21572#19360: invalid socket number "C:\nginx\nginx.exe" in NGINX environment variable, ignoring
2025/02/06 02:20:55 [emerg] 21572#19360: cannot load certificate "C:/Users/nana/nginx-certs/nginx-selfsigned.crt": BIO_new_file() failed (SSL: error:80000003:system library::No such process:calling fopen(C:/Users/nana/nginx-certs/nginx-selfsigned.crt, r) error:10000080:BIO routines::no such file)
2025/02/06 02:28:50 [notice] 4068#17384: using inherited sockets from "C:\nginx\nginx.exe"
2025/02/06 02:28:50 [emerg] 4068#17384: invalid socket number "C:\nginx\nginx.exe" in NGINX environment variable, ignoring the rest of the variable
2025/02/06 02:28:50 [emerg] 4068#17384: invalid socket number "C:\nginx\nginx.exe" in NGINX environment variable, ignoring
2025/02/06 02:28:50 [emerg] 4068#17384: cannot load certificate "C:/Users/nana/nginx-certs/nginx-selfsigned.crt": BIO_new_file() failed (SSL: error:80000003:system library::No such process:calling fopen(C:/Users/nana/nginx-certs/nginx-selfsigned.crt, r) error:10000080:BIO routines::no such file)
2025/02/06 02:29:39 [notice] 21604#12340: using inherited sockets from "C:\nginx\nginx.exe"
2025/02/06 02:29:39 [emerg] 21604#12340: invalid socket number "C:\nginx\nginx.exe" in NGINX environment variable, ignoring the rest of the variable
2025/02/06 02:29:39 [emerg] 21604#12340: invalid socket number "C:\nginx\nginx.exe" in NGINX environment variable, ignoring
2025/02/06 02:29:39 [emerg] 21604#12340: cannot load certificate "C:/Users/nana/nginx-certs/nginx-selfsigned.crt": BIO_new_file() failed (SSL: error:80000003:system library::No such process:calling fopen(C:/Users/nana/nginx-certs/nginx-selfsigned.crt, r) error:10000080:BIO routines::no such file)
2025/02/06 02:30:50 [notice] 12072#2872: using inherited sockets from "C:\nginx\nginx.exe"
2025/02/06 02:30:50 [emerg] 12072#2872: invalid socket number "C:\nginx\nginx.exe" in NGINX environment variable, ignoring the rest of the variable
2025/02/06 02:30:50 [emerg] 12072#2872: invalid socket number "C:\nginx\nginx.exe" in NGINX environment variable, ignoring
2025/02/06 02:30:50 [emerg] 12072#2872: cannot load certificate "C:/Users/nana/nginx-certs/nginx-selfsigned.crt": BIO_new_file() failed (SSL: error:80000003:system library::No such process:calling fopen(C:/Users/nana/nginx-certs/nginx-selfsigned.crt, r) error:10000080:BIO routines::no such file)
2025/02/06 02:31:04 [notice] 2892#7936: using inherited sockets from "C:\nginx\nginx.exe"
2025/02/06 02:31:04 [emerg] 2892#7936: invalid socket number "C:\nginx\nginx.exe" in NGINX environment variable, ignoring the rest of the variable
2025/02/06 02:31:04 [emerg] 2892#7936: invalid socket number "C:\nginx\nginx.exe" in NGINX environment variable, ignoring
2025/02/06 02:31:04 [emerg] 2892#7936: cannot load certificate "C:/Users/nana/nginx-certs/nginx-selfsigned.crt": BIO_new_file() failed (SSL: error:80000003:system library::No such process:calling fopen(C:/Users/nana/nginx-certs/nginx-selfsigned.crt, r) error:10000080:BIO routines::no such file)
2025/02/06 02:31:04 [notice] 3524#19996: using inherited sockets from "C:\nginx\nginx.exe"
2025/02/06 02:31:04 [emerg] 3524#19996: invalid socket number "C:\nginx\nginx.exe" in NGINX environment variable, ignoring the rest of the variable
2025/02/06 02:31:04 [emerg] 3524#19996: invalid socket number "C:\nginx\nginx.exe" in NGINX environment variable, ignoring
2025/02/06 02:31:04 [emerg] 3524#19996: cannot load certificate "C:/Users/nana/nginx-certs/nginx-selfsigned.crt": BIO_new_file() failed (SSL: error:80000003:system library::No such process:calling fopen(C:/Users/nana/nginx-certs/nginx-selfsigned.crt, r) error:10000080:BIO routines::no such file)
2025/02/06 02:31:39 [notice] 11932#2488: using inherited sockets from "C:\nginx\nginx.exe"
2025/02/06 02:31:39 [emerg] 11932#2488: invalid socket number "C:\nginx\nginx.exe" in NGINX environment variable, ignoring the rest of the variable
2025/02/06 02:31:39 [emerg] 11932#2488: invalid socket number "C:\nginx\nginx.exe" in NGINX environment variable, ignoring
2025/02/06 02:31:39 [emerg] 11932#2488: no "ssl_certificate" is defined for the "listen ... ssl" directive in C:\nginx/conf/nginx.conf:18
2025/02/06 02:34:58 [notice] 22136#22000: using inherited sockets from "C:\nginx\nginx.exe"
2025/02/06 02:34:58 [emerg] 22136#22000: invalid socket number "C:\nginx\nginx.exe" in NGINX environment variable, ignoring the rest of the variable
2025/02/06 02:34:58 [emerg] 22136#22000: invalid socket number "C:\nginx\nginx.exe" in NGINX environment variable, ignoring
2025/02/06 02:34:58 [emerg] 22136#22000: no "ssl_certificate" is defined for the "listen ... ssl" directive in C:\Users\HP\Nginxtest/conf/nginx.conf:18
2025/02/06 02:35:28 [notice] 17864#9272: using inherited sockets from "C:\nginx\nginx.exe"
2025/02/06 02:35:28 [emerg] 17864#9272: invalid socket number "C:\nginx\nginx.exe" in NGINX environment variable, ignoring the rest of the variable
2025/02/06 02:35:28 [emerg] 17864#9272: invalid socket number "C:\nginx\nginx.exe" in NGINX environment variable, ignoring
2025/02/06 02:35:28 [notice] 17864#9272: signal process started
2025/02/06 02:35:28 [error] 17864#9272: OpenEvent("Global\ngx_reload_10448") failed (2: The system cannot find the file specified)
2025/02/06 02:35:45 [notice] 8676#21184: using inherited sockets from "C:\nginx\nginx.exe"
2025/02/06 02:35:45 [emerg] 8676#21184: invalid socket number "C:\nginx\nginx.exe" in NGINX environment variable, ignoring the rest of the variable
2025/02/06 02:35:45 [emerg] 8676#21184: invalid socket number "C:\nginx\nginx.exe" in NGINX environment variable, ignoring
2025/02/06 02:35:45 [notice] 8676#21184: signal process started
2025/02/06 02:35:45 [error] 8676#21184: OpenEvent("Global\ngx_reload_10448") failed (2: The system cannot find the file specified)
2025/02/06 02:36:34 [notice] 18612#6420: using inherited sockets from "C:\nginx\nginx.exe"
2025/02/06 02:36:34 [emerg] 18612#6420: invalid socket number "C:\nginx\nginx.exe" in NGINX environment variable, ignoring the rest of the variable
2025/02/06 02:36:34 [emerg] 18612#6420: invalid socket number "C:\nginx\nginx.exe" in NGINX environment variable, ignoring
2025/02/06 02:36:34 [notice] 14472#21884: using inherited sockets from "C:\nginx\nginx.exe"
2025/02/06 02:36:34 [emerg] 14472#21884: invalid socket number "C:\nginx\nginx.exe" in NGINX environment variable, ignoring the rest of the variable
2025/02/06 02:36:34 [emerg] 14472#21884: invalid socket number "C:\nginx\nginx.exe" in NGINX environment variable, ignoring
2025/02/06 02:47:39 [warn] 21424#17872: conflicting server name "localhost" on 0.0.0.0:8080, ignored
2025/02/06 02:47:39 [notice] 21424#17872: signal process started
2025/02/06 02:47:39 [warn] 2760#5492: conflicting server name "localhost" on 0.0.0.0:8080, ignored
2025/02/06 02:48:08 [notice] 18572#11600: signal process started
2025/02/06 02:48:45 [notice] 5240#2584: signal process started
2025/02/06 02:48:50 [notice] 2568#16640: signal process started
2025/02/06 02:48:50 [error] 2568#16640: CreateFile() "C:\Users\HP\Nginxtest/logs/nginx.pid" failed (2: The system cannot find the file specified)
2025/02/06 02:49:29 [notice] 9084#1444: signal process started
2025/02/06 02:49:29 [error] 9084#1444: CreateFile() "C:\Users\HP\Nginxtest/logs/nginx.pid" failed (2: The system cannot find the file specified)
2025/02/06 02:49:39 [notice] 20000#20004: signal process started
2025/02/06 02:49:39 [error] 20000#20004: CreateFile() "C:\Users\HP\Nginxtest/logs/nginx.pid" failed (2: The system cannot find the file specified)
2025/02/06 03:02:20 [notice] 22012#2668: signal process started
2025/02/06 03:02:20 [error] 22012#2668: CreateFile() "C:\Users\HP\Nginxtest/logs/nginx.pid" failed (2: The system cannot find the file specified)
2025/02/06 03:02:47 [notice] 2216#12792: signal process started
2025/02/06 03:02:47 [error] 2216#12792: invalid PID number "" in "C:\Users\HP\Nginxtest/logs/nginx.pid"
2025/02/06 03:03:06 [notice] 18764#10764: signal process started
2025/02/06 03:03:06 [error] 18764#10764: invalid PID number "" in "C:\Users\HP\Nginxtest/logs/nginx.pid"
2025/02/06 03:04:20 [warn] 18448#11896: conflicting server name "localhost" on 0.0.0.0:8080, ignored
2025/02/06 03:04:20 [notice] 18448#11896: signal process started
2025/02/06 03:04:20 [error] 18448#11896: invalid PID number "" in "C:\Users\HP\Nginxtest/logs/nginx.pid"
2025/02/06 03:04:20 [warn] 4960#2440: conflicting server name "localhost" on 0.0.0.0:8080, ignored
2025/02/06 03:04:20 [warn] 19520#22116: conflicting server name "localhost" on 0.0.0.0:8080, ignored
2025/02/06 03:06:11 [notice] 18784#22516: signal process started
2025/02/06 03:06:11 [error] 18784#22516: OpenEvent("Global\ngx_stop_4960") failed (2: The system cannot find the file specified)
2025/02/06 03:09:49 [notice] 17340#10124: signal process started
2025/02/06 03:25:06 [notice] 13016#3264: signal process started
2025/02/06 03:26:23 [notice] 15936#13648: signal process started
2025/02/06 11:26:51 [notice] 22708#11076: signal process started
2025/02/06 11:27:14 [notice] 11316#17428: signal process started
2025/02/06 11:39:44 [emerg] 14224#22352: CreateFile() "C:\Users\HP\Nginxtest/conf/conf\dynamic_port.conf" failed (3: The system cannot find the path specified) in C:\Users\HP\Nginxtest/conf/nginx.conf:1
2025/02/06 11:40:31 [emerg] 18764#10480: CreateFile() "C:/dynamic_port.conf" failed (2: The system cannot find the file specified) in C:\Users\HP\Nginxtest/conf/nginx.conf:1
2025/02/06 11:41:34 [emerg] 19232#9224: CreateFile() "C:/conf/dynamic_port.conf" failed (3: The system cannot find the path specified) in C:\Users\HP\Nginxtest/conf/nginx.conf:1
2025/02/06 11:42:25 [emerg] 228#25540: CreateFile() "C:/conf/dynamic_port.conf" failed (3: The system cannot find the path specified) in C:\Users\HP\Nginxtest/conf/nginx.conf:1
2025/02/06 11:42:35 [emerg] 20064#17488: "listen" directive is not allowed here in C:/Users/HP/Nginxtest/conf/dynamic_port.conf:1
2025/02/06 11:42:55 [emerg] 16596#24444: CreateFile() "C:/conf/dynamic_port.conf" failed (3: The system cannot find the path specified) in C:\Users\HP\Nginxtest/conf/nginx.conf:1
2025/02/06 11:43:17 [emerg] 9300#11980: CreateFile() "C:/conf/dynamic_port.conf" failed (3: The system cannot find the path specified) in C:\Users\HP\Nginxtest/conf/nginx.conf:1
